<?xml version="1.0" encoding="UTF-8"?>
<testng-results ignored="0" total="2" passed="2" failed="0" skipped="0">
  <reporter-output>
  </reporter-output>
  <suite started-at="2022-01-07T04:06:08Z" name="Suite" finished-at="2022-01-07T04:06:19Z" duration-ms="11411">
    <groups>
    </groups>
    <test started-at="2022-01-07T04:06:08Z" name="Test" finished-at="2022-01-07T04:06:19Z" duration-ms="11411">
      <class name="org.excel.Tst">
        <test-method signature="BrowserLaunch(java.lang.String)[pri:0, instance:org.excel.Tst@291f18]" started-at="2022-01-07T04:06:08Z" name="BrowserLaunch" finished-at="2022-01-07T04:06:12Z" duration-ms="4282" status="PASS">
          <params>
            <param index="0">
              <value>
                <![CDATA[chrome]]>
              </value>
            </param>
          </params>
          <reporter-output>
          </reporter-output>
        </test-method> <!-- BrowserLaunch -->
        <test-method signature="ieLaunch(java.lang.String)[pri:2, instance:org.excel.Tst@291f18]" started-at="2022-01-07T04:06:12Z" name="ieLaunch" finished-at="2022-01-07T04:06:19Z" duration-ms="7097" status="PASS">
          <params>
            <param index="0">
              <value>
                <![CDATA[edge]]>
              </value>
            </param>
          </params>
          <reporter-output>
          </reporter-output>
        </test-method> <!-- ieLaunch -->
      </class> <!-- org.excel.Tst -->
    </test> <!-- Test -->
  </suite> <!-- Suite -->
</testng-results>
